<?xml version="1.0" encoding="UTF-8"?>
<!-- Generated by org.testng.reporters.JUnitReportReporter -->
<testsuite hostname="Coder" failures="0" tests="2" name="TestNG.TestNG" time="0.028" errors="0" timestamp="2022-02-20T22:08:00 IST" skipped="0">
  <testcase classname="TestNG.TestNG" name="ABC" time="0.021"/>
  <system-out/>
  <testcase classname="TestNG.TestNG" name="PQR" time="0.007"/>
  <system-out/>
</testsuite> <!-- TestNG.TestNG -->
